2017-11-02 09:51:35,134 p=28881 u=student |  ERROR! Syntax Error while loading YAML.


The error appears to have been in '/home/student/troubleshooting/samba.yml': line 8, column 30, but may
be elsewhere in the file depending on the exact syntax problem.

The offending line appears to be:

    install_state: installed
    random_var: This is colon: test
                             ^ here

2017-11-02 09:52:54,466 p=28926 u=student |  ERROR! Syntax Error while loading YAML.


The error appears to have been in '/home/student/troubleshooting/samba.yml': line 43, column 4, but may
be elsewhere in the file depending on the exact syntax problem.

The offending line appears to be:


   - name: deliver samba config
   ^ here

2017-11-02 09:54:22,495 p=28949 u=student |  ERROR! Syntax Error while loading YAML.


The error appears to have been in '/home/student/troubleshooting/samba.yml': line 43, column 4, but may
be elsewhere in the file depending on the exact syntax problem.

The offending line appears to be:


   - name: deliver samba config
   ^ here

2017-11-02 09:54:48,113 p=28956 u=student |  ERROR! Syntax Error while loading YAML.


The error appears to have been in '/home/student/troubleshooting/samba.yml': line 44, column 14, but may
be elsewhere in the file depending on the exact syntax problem.

The offending line appears to be:

  - name: deliver samba config
     template:
             ^ here

2017-11-02 09:55:01,024 p=28972 u=student |  ERROR! Syntax Error while loading YAML.


The error appears to have been in '/home/student/troubleshooting/samba.yml': line 14, column 15, but may
be elsewhere in the file depending on the exact syntax problem.

The offending line appears to be:

      name: samba
      state: {{ install_state }}
              ^ here
We could be wrong, but this one looks like it might be an issue with
missing quotes.  Always quote template expression brackets when they
start a value. For instance:

    with_items:
      - {{ foo }}

Should be written as:

    with_items:
      - "{{ foo }}"

2017-11-02 09:56:34,970 p=28987 u=student |  playbook: samba.yml
2017-11-02 09:56:46,059 p=28993 u=student |  PLAY [Install a samba server] ********************************************************************************************************************************
2017-11-02 09:56:46,086 p=28993 u=student |  TASK [Gathering Facts] ***************************************************************************************************************************************
2017-11-02 09:56:46,248 p=28993 u=student |  fatal: [servera.lab.exammple.com]: UNREACHABLE! => {"changed": false, "msg": "Failed to connect to the host via ssh: ssh: Could not resolve hostname servera.lab.exammple.com: Name or service not known\r\n", "unreachable": true}
2017-11-02 09:56:46,249 p=28993 u=student |  	to retry, use: --limit @/home/student/troubleshooting/samba.retry

2017-11-02 09:56:46,249 p=28993 u=student |  PLAY RECAP ***************************************************************************************************************************************************
2017-11-02 09:56:46,249 p=28993 u=student |  servera.lab.exammple.com   : ok=0    changed=0    unreachable=1    failed=0   
2017-11-02 09:57:17,455 p=29025 u=student |  PLAY [Install a samba server] ********************************************************************************************************************************
2017-11-02 09:57:17,481 p=29025 u=student |  TASK [Gathering Facts] ***************************************************************************************************************************************
2017-11-02 09:57:18,086 p=29025 u=student |  ok: [servera.lab.example.com]
2017-11-02 09:57:18,088 p=29025 u=student |  TASK [install samba] *****************************************************************************************************************************************
2017-11-02 09:57:24,968 p=29025 u=student |  changed: [servera.lab.example.com]
2017-11-02 09:57:24,971 p=29025 u=student |  TASK [install firewalld] *************************************************************************************************************************************
2017-11-02 09:57:25,257 p=29025 u=student |  ok: [servera.lab.example.com]
2017-11-02 09:57:25,260 p=29025 u=student |  TASK [debug install_state variable] **************************************************************************************************************************
2017-11-02 09:57:25,282 p=29025 u=student |  ok: [servera.lab.example.com] => {
    "msg": "The state for the samba service is installed"
}
2017-11-02 09:57:25,284 p=29025 u=student |  TASK [start samba] *******************************************************************************************************************************************
2017-11-02 09:57:26,196 p=29025 u=student |  changed: [servera.lab.example.com]
2017-11-02 09:57:26,198 p=29025 u=student |  TASK [start firewalld] ***************************************************************************************************************************************
2017-11-02 09:57:26,376 p=29025 u=student |  ok: [servera.lab.example.com]
2017-11-02 09:57:26,378 p=29025 u=student |  TASK [configure firewall for samba] **************************************************************************************************************************
2017-11-02 09:57:26,804 p=29025 u=student |  changed: [servera.lab.example.com]
2017-11-02 09:57:26,806 p=29025 u=student |  TASK [deliver samba config] **********************************************************************************************************************************
2017-11-02 09:57:26,816 p=29025 u=student |  fatal: [servera.lab.example.com]: FAILED! => {"changed": false, "failed": true, "msg": "Unable to find 'samba.j2' in expected paths."}
2017-11-02 09:57:26,817 p=29025 u=student |  	to retry, use: --limit @/home/student/troubleshooting/samba.retry

2017-11-02 09:57:26,817 p=29025 u=student |  PLAY RECAP ***************************************************************************************************************************************************
2017-11-02 09:57:26,817 p=29025 u=student |  servera.lab.example.com    : ok=7    changed=3    unreachable=0    failed=1   
2017-11-02 09:58:15,967 p=29102 u=student |  PLAY [Install a samba server] ********************************************************************************************************************************
2017-11-02 09:58:15,994 p=29102 u=student |  TASK [Gathering Facts] ***************************************************************************************************************************************
2017-11-02 09:58:16,392 p=29102 u=student |  ok: [servera.lab.example.com]
2017-11-02 09:58:16,394 p=29102 u=student |  TASK [install samba] *****************************************************************************************************************************************
2017-11-02 09:58:16,770 p=29102 u=student |  ok: [servera.lab.example.com]
2017-11-02 09:58:16,772 p=29102 u=student |  TASK [install firewalld] *************************************************************************************************************************************
2017-11-02 09:58:17,046 p=29102 u=student |  ok: [servera.lab.example.com]
2017-11-02 09:58:17,049 p=29102 u=student |  TASK [debug install_state variable] **************************************************************************************************************************
2017-11-02 09:58:17,059 p=29102 u=student |  ok: [servera.lab.example.com] => {
    "msg": "The state for the samba service is installed"
}
2017-11-02 09:58:17,061 p=29102 u=student |  TASK [start samba] *******************************************************************************************************************************************
2017-11-02 09:58:17,314 p=29102 u=student |  ok: [servera.lab.example.com]
2017-11-02 09:58:17,316 p=29102 u=student |  TASK [start firewalld] ***************************************************************************************************************************************
2017-11-02 09:58:17,489 p=29102 u=student |  ok: [servera.lab.example.com]
2017-11-02 09:58:17,492 p=29102 u=student |  TASK [configure firewall for samba] **************************************************************************************************************************
2017-11-02 09:58:17,905 p=29102 u=student |  ok: [servera.lab.example.com]
2017-11-02 09:58:17,908 p=29102 u=student |  TASK [deliver samba config] **********************************************************************************************************************************
2017-11-02 09:58:18,547 p=29102 u=student |  changed: [servera.lab.example.com]
2017-11-02 09:58:18,547 p=29102 u=student |  PLAY RECAP ***************************************************************************************************************************************************
2017-11-02 09:58:18,548 p=29102 u=student |  servera.lab.example.com    : ok=8    changed=1    unreachable=0    failed=0   
2017-11-02 09:58:59,742 p=29197 u=student |  PLAY [Install a samba server] ********************************************************************************************************************************
2017-11-02 09:59:02,551 p=29197 u=student |  Perform task: TASK: Gathering Facts (N)o/(y)es/(c)ontinue: ***************************************************************************************************
2017-11-02 09:59:02,552 p=29197 u=student |  TASK [Gathering Facts] ***************************************************************************************************************************************
2017-11-02 09:59:02,946 p=29197 u=student |  ok: [servera.lab.example.com]
2017-11-02 09:59:04,247 p=29197 u=student |  Perform task: TASK: install samba (N)o/(y)es/(c)ontinue: *****************************************************************************************************
2017-11-02 09:59:04,248 p=29197 u=student |  TASK [install samba] *****************************************************************************************************************************************
2017-11-02 09:59:04,625 p=29197 u=student |  ok: [servera.lab.example.com]
2017-11-02 09:59:05,399 p=29197 u=student |  Perform task: TASK: install firewalld (N)o/(y)es/(c)ontinue: *************************************************************************************************
2017-11-02 09:59:05,401 p=29197 u=student |  TASK [install firewalld] *************************************************************************************************************************************
2017-11-02 09:59:05,676 p=29197 u=student |  ok: [servera.lab.example.com]
2017-11-02 09:59:06,711 p=29197 u=student |  Perform task: TASK: debug install_state variable (N)o/(y)es/(c)ontinue: **************************************************************************************
2017-11-02 09:59:06,713 p=29197 u=student |  TASK [debug install_state variable] **************************************************************************************************************************
2017-11-02 09:59:06,723 p=29197 u=student |  ok: [servera.lab.example.com] => {
    "msg": "The state for the samba service is installed"
}
2017-11-02 09:59:08,439 p=29197 u=student |  Perform task: TASK: start samba (N)o/(y)es/(c)ontinue: *******************************************************************************************************
2017-11-02 09:59:08,441 p=29197 u=student |  TASK [start samba] *******************************************************************************************************************************************
2017-11-02 09:59:08,691 p=29197 u=student |  ok: [servera.lab.example.com]
2017-11-02 09:59:10,055 p=29197 u=student |  Perform task: TASK: start firewalld (N)o/(y)es/(c)ontinue: ***************************************************************************************************
2017-11-02 09:59:10,057 p=29197 u=student |  TASK [start firewalld] ***************************************************************************************************************************************
2017-11-02 09:59:10,234 p=29197 u=student |  ok: [servera.lab.example.com]
2017-11-02 09:59:10,998 p=29197 u=student |  Perform task: TASK: configure firewall for samba (N)o/(y)es/(c)ontinue: **************************************************************************************
2017-11-02 09:59:11,000 p=29197 u=student |  TASK [configure firewall for samba] **************************************************************************************************************************
2017-11-02 09:59:11,408 p=29197 u=student |  ok: [servera.lab.example.com]
2017-11-02 09:59:12,167 p=29197 u=student |  Perform task: TASK: deliver samba config (N)o/(y)es/(c)ontinue: **********************************************************************************************
2017-11-02 09:59:12,169 p=29197 u=student |  TASK [deliver samba config] **********************************************************************************************************************************
2017-11-02 09:59:12,782 p=29197 u=student |  ok: [servera.lab.example.com]
2017-11-02 09:59:12,783 p=29197 u=student |  PLAY RECAP ***************************************************************************************************************************************************
2017-11-02 09:59:12,783 p=29197 u=student |  servera.lab.example.com    : ok=8    changed=0    unreachable=0    failed=0   
2017-11-02 09:59:27,102 p=29276 u=student |  PLAY [Install a samba server] ********************************************************************************************************************************
2017-11-02 09:59:27,129 p=29276 u=student |  TASK [Gathering Facts] ***************************************************************************************************************************************
2017-11-02 09:59:27,520 p=29276 u=student |  ok: [servera.lab.example.com]
2017-11-02 09:59:27,522 p=29276 u=student |  TASK [install samba] *****************************************************************************************************************************************
2017-11-02 09:59:27,895 p=29276 u=student |  ok: [servera.lab.example.com]
2017-11-02 09:59:27,897 p=29276 u=student |  TASK [install firewalld] *************************************************************************************************************************************
2017-11-02 09:59:28,169 p=29276 u=student |  ok: [servera.lab.example.com]
2017-11-02 09:59:28,171 p=29276 u=student |  TASK [debug install_state variable] **************************************************************************************************************************
2017-11-02 09:59:28,181 p=29276 u=student |  ok: [servera.lab.example.com] => {
    "msg": "The state for the samba service is installed"
}
2017-11-02 09:59:28,183 p=29276 u=student |  TASK [start samba] *******************************************************************************************************************************************
2017-11-02 09:59:28,432 p=29276 u=student |  ok: [servera.lab.example.com]
2017-11-02 09:59:28,434 p=29276 u=student |  TASK [start firewalld] ***************************************************************************************************************************************
2017-11-02 09:59:28,609 p=29276 u=student |  ok: [servera.lab.example.com]
2017-11-02 09:59:28,611 p=29276 u=student |  TASK [configure firewall for samba] **************************************************************************************************************************
2017-11-02 09:59:29,019 p=29276 u=student |  ok: [servera.lab.example.com]
2017-11-02 09:59:29,021 p=29276 u=student |  TASK [deliver samba config] **********************************************************************************************************************************
2017-11-02 09:59:29,632 p=29276 u=student |  ok: [servera.lab.example.com]
2017-11-02 09:59:29,633 p=29276 u=student |  PLAY RECAP ***************************************************************************************************************************************************
2017-11-02 09:59:29,633 p=29276 u=student |  servera.lab.example.com    : ok=8    changed=0    unreachable=0    failed=0   
2017-11-02 10:10:24,163 p=29504 u=student |  ERROR! - no role name specified for init
2017-11-02 10:10:28,849 p=29509 u=student |  - test was created successfully
2017-11-02 10:21:54,118 p=29692 u=student |  PLAY [create mail relay servers] *****************************************************************************************************************************
2017-11-02 10:21:54,145 p=29692 u=student |  TASK [Gathering Facts] ***************************************************************************************************************************************
2017-11-02 10:21:54,748 p=29692 u=student |  ok: [servera.lab.example.com]
2017-11-02 10:21:54,750 p=29692 u=student |  TASK [install postfix package] *******************************************************************************************************************************
2017-11-02 10:21:55,180 p=29692 u=student |  changed: [servera.lab.example.com]
2017-11-02 10:21:55,182 p=29692 u=student |  TASK [install mail config files] *****************************************************************************************************************************
2017-11-02 10:21:55,608 p=29692 u=student |  changed: [servera.lab.example.com]
2017-11-02 10:21:55,610 p=29692 u=student |  TASK [check main.cf file] ************************************************************************************************************************************
2017-11-02 10:21:55,778 p=29692 u=student |  ok: [servera.lab.example.com]
2017-11-02 10:21:55,780 p=29692 u=student |  TASK [verify main.cf file exists] ****************************************************************************************************************************
2017-11-02 10:21:55,791 p=29692 u=student |  ok: [servera.lab.example.com] => {
    "msg": "The main.cf file exists"
}
2017-11-02 10:21:55,794 p=29692 u=student |  TASK [start and enable mail services] ************************************************************************************************************************
2017-11-02 10:21:56,049 p=29692 u=student |  changed: [servera.lab.example.com]
2017-11-02 10:21:56,051 p=29692 u=student |  TASK [check for always_bcc] **********************************************************************************************************************************
2017-11-02 10:21:56,286 p=29692 u=student |  skipping: [servera.lab.example.com]
2017-11-02 10:21:56,288 p=29692 u=student |  TASK [email notification of always_bcc config] ***************************************************************************************************************
2017-11-02 10:21:56,297 p=29692 u=student |  fatal: [servera.lab.example.com]: FAILED! => {"failed": true, "msg": "The conditional check 'bcc_state.stdout != 'always_bcc ='' failed. The error was: error while evaluating conditional (bcc_state.stdout != 'always_bcc ='): 'dict object' has no attribute 'stdout'\n\nThe error appears to have been in '/home/student/troubleshooting/mailrelay.yml': line 42, column 7, but may\nbe elsewhere in the file depending on the exact syntax problem.\n\nThe offending line appears to be:\n\n\n    - name: email notification of always_bcc config\n      ^ here\n"}
2017-11-02 10:21:56,298 p=29692 u=student |  RUNNING HANDLER [restart postfix] ****************************************************************************************************************************
2017-11-02 10:21:56,298 p=29692 u=student |  	to retry, use: --limit @/home/student/troubleshooting/mailrelay.retry

2017-11-02 10:21:56,298 p=29692 u=student |  PLAY RECAP ***************************************************************************************************************************************************
2017-11-02 10:21:56,298 p=29692 u=student |  servera.lab.example.com    : ok=6    changed=3    unreachable=0    failed=1   
2017-11-02 10:24:31,267 p=29789 u=student |  servera.lab.example.com | FAILED | rc=1 >>
head: cannot open ‘/etc/postfix/main.cfg’ for reading: No such file or directory

2017-11-02 10:24:39,869 p=29810 u=student |  servera.lab.example.com | FAILED | rc=1 >>
head: cannot open ‘/etc/postfix/main.cf’ for reading: No such file or directory

2017-11-02 10:25:01,221 p=29837 u=student |  PLAY [create mail relay servers] *****************************************************************************************************************************
2017-11-02 10:25:01,248 p=29837 u=student |  TASK [Gathering Facts] ***************************************************************************************************************************************
2017-11-02 10:25:02,647 p=29837 u=student |  ok: [servera.lab.example.com]
2017-11-02 10:25:02,649 p=29837 u=student |  TASK [install postfix package] *******************************************************************************************************************************
2017-11-02 10:25:05,047 p=29837 u=student |  changed: [servera.lab.example.com]
2017-11-02 10:25:05,049 p=29837 u=student |  TASK [install mail config files] *****************************************************************************************************************************
2017-11-02 10:25:05,731 p=29837 u=student |  changed: [servera.lab.example.com]
2017-11-02 10:25:05,733 p=29837 u=student |  TASK [check main.cf file] ************************************************************************************************************************************
2017-11-02 10:25:05,911 p=29837 u=student |  ok: [servera.lab.example.com]
2017-11-02 10:25:05,913 p=29837 u=student |  TASK [verify main.cf file exists] ****************************************************************************************************************************
2017-11-02 10:25:05,924 p=29837 u=student |  ok: [servera.lab.example.com] => {
    "msg": "The main.cf file exists"
}
2017-11-02 10:25:05,927 p=29837 u=student |  TASK [start and enable mail services] ************************************************************************************************************************
2017-11-02 10:25:07,640 p=29837 u=student |  changed: [servera.lab.example.com]
2017-11-02 10:25:07,642 p=29837 u=student |  TASK [check for always_bcc] **********************************************************************************************************************************
2017-11-02 10:25:07,886 p=29837 u=student |  changed: [servera.lab.example.com]
2017-11-02 10:25:07,888 p=29837 u=student |  TASK [email notification of always_bcc config] ***************************************************************************************************************
2017-11-02 10:25:07,896 p=29837 u=student |  skipping: [servera.lab.example.com]
2017-11-02 10:25:07,896 p=29837 u=student |  RUNNING HANDLER [restart postfix] ****************************************************************************************************************************
2017-11-02 10:25:08,281 p=29837 u=student |  changed: [servera.lab.example.com]
2017-11-02 10:25:08,282 p=29837 u=student |  PLAY RECAP ***************************************************************************************************************************************************
2017-11-02 10:25:08,282 p=29837 u=student |  servera.lab.example.com    : ok=8    changed=5    unreachable=0    failed=0   
